<?xml version="1.0" encoding="UTF-8"?>
<!-- Generated by org.testng.reporters.JUnitXMLReporter -->
<testsuite ignored="0" hostname="LIN-CF553F3" failures="0" tests="5" name="Default test" time="56.907" errors="0" timestamp="2024-04-04T09:27:51 IST">
  <testcase classname="Excel.ExcelDataExceuter" name="TestExcel" time="13.033"/>
  <testcase classname="Excel.ExcelDataExceuter" name="TestExcel" time="10.973"/>
  <testcase classname="Excel.ExcelDataExceuter" name="TestExcel" time="10.512"/>
  <testcase classname="Excel.ExcelDataExceuter" name="TestExcel" time="10.933"/>
  <testcase classname="Excel.ExcelDataExceuter" name="TestExcel" time="10.76"/>
</testsuite> <!-- Default test -->
