<?xml version="1.0" encoding="UTF-8"?>
<testng-results ignored="0" total="5" passed="5" failed="0" skipped="0">
  <reporter-output>
  </reporter-output>
  <suite started-at="2024-04-04T09:26:54 IST" name="Default suite" finished-at="2024-04-04T09:27:51 IST" duration-ms="56907">
    <groups>
    </groups>
    <test started-at="2024-04-04T09:26:54 IST" name="Default test" finished-at="2024-04-04T09:27:51 IST" duration-ms="56907">
      <class name="Excel.ExcelDataExceuter">
        <test-method signature="TestExcel(java.lang.String)[pri:0, instance:Excel.ExcelDataExceuter@1ed4ae0f]" started-at="2024-04-04T09:26:55 IST" name="TestExcel" data-provider="search" finished-at="2024-04-04T09:27:08 IST" duration-ms="13033" status="PASS">
          <params>
            <param index="0">
              <value>
                <![CDATA[530026]]>
              </value>
            </param>
          </params>
          <reporter-output>
          </reporter-output>
        </test-method> <!-- TestExcel -->
        <test-method signature="TestExcel(java.lang.String)[pri:0, instance:Excel.ExcelDataExceuter@1ed4ae0f]" started-at="2024-04-04T09:27:08 IST" name="TestExcel" data-provider="search" finished-at="2024-04-04T09:27:19 IST" duration-ms="10973" status="PASS">
          <params>
            <param index="0">
              <value>
                <![CDATA[530013]]>
              </value>
            </param>
          </params>
          <reporter-output>
          </reporter-output>
        </test-method> <!-- TestExcel -->
        <test-method signature="TestExcel(java.lang.String)[pri:0, instance:Excel.ExcelDataExceuter@1ed4ae0f]" started-at="2024-04-04T09:27:19 IST" name="TestExcel" data-provider="search" finished-at="2024-04-04T09:27:29 IST" duration-ms="10512" status="PASS">
          <params>
            <param index="0">
              <value>
                <![CDATA[530014]]>
              </value>
            </param>
          </params>
          <reporter-output>
          </reporter-output>
        </test-method> <!-- TestExcel -->
        <test-method signature="TestExcel(java.lang.String)[pri:0, instance:Excel.ExcelDataExceuter@1ed4ae0f]" started-at="2024-04-04T09:27:29 IST" name="TestExcel" data-provider="search" finished-at="2024-04-04T09:27:40 IST" duration-ms="10933" status="PASS">
          <params>
            <param index="0">
              <value>
                <![CDATA[530015]]>
              </value>
            </param>
          </params>
          <reporter-output>
          </reporter-output>
        </test-method> <!-- TestExcel -->
        <test-method signature="TestExcel(java.lang.String)[pri:0, instance:Excel.ExcelDataExceuter@1ed4ae0f]" started-at="2024-04-04T09:27:40 IST" name="TestExcel" data-provider="search" finished-at="2024-04-04T09:27:51 IST" duration-ms="10760" status="PASS">
          <params>
            <param index="0">
              <value>
                <![CDATA[530016]]>
              </value>
            </param>
          </params>
          <reporter-output>
          </reporter-output>
        </test-method> <!-- TestExcel -->
      </class> <!-- Excel.ExcelDataExceuter -->
    </test> <!-- Default test -->
  </suite> <!-- Default suite -->
</testng-results>
